2024-01-16 22:44:49.377 [info] Log level: Info
2024-01-16 22:44:49.377 [info] Validating found git in: "git"
2024-01-16 22:44:49.377 [info] Using git "2.25.1" from "git"
2024-01-16 22:44:49.382 [info] > git rev-parse --show-toplevel [6ms]
2024-01-16 22:44:49.392 [info] > git rev-parse --git-dir --git-common-dir [1ms]
2024-01-16 22:44:49.424 [info] Open repository: /home/kiit/foundry/swap
2024-01-16 22:44:49.442 [info] > git fetch [21ms]
2024-01-16 22:44:49.453 [info] > git rev-parse --show-toplevel [11ms]
2024-01-16 22:44:49.454 [info] > git config --get commit.template [22ms]
2024-01-16 22:44:49.460 [info] > git config --get commit.template [10ms]
2024-01-16 22:44:49.465 [info] No remotes found in the git config file.
2024-01-16 22:44:49.466 [info] > git rev-parse --show-toplevel [7ms]
2024-01-16 22:44:49.470 [info] No remotes found in the git config file.
2024-01-16 22:44:49.470 [info] > git for-each-ref --format=%(refname)%00%(upstream:short)%00%(objectname)%00%(upstream:track)%00%(upstream:remotename)%00%(upstream:remoteref) refs/heads/master refs/remotes/master [6ms]
2024-01-16 22:44:49.480 [info] > git for-each-ref --format=%(refname)%00%(upstream:short)%00%(objectname)%00%(upstream:track)%00%(upstream:remotename)%00%(upstream:remoteref) refs/heads/master refs/remotes/master [11ms]
2024-01-16 22:44:49.483 [info] > git config --get commit.template [4ms]
2024-01-16 22:44:49.483 [info] > git rev-parse --show-toplevel [7ms]
2024-01-16 22:44:49.491 [info] No remotes found in the git config file.
2024-01-16 22:44:49.495 [info] > git for-each-ref --format=%(refname)%00%(upstream:short)%00%(objectname)%00%(upstream:track)%00%(upstream:remotename)%00%(upstream:remoteref) refs/heads/master refs/remotes/master [4ms]
2024-01-16 22:44:49.499 [info] > git rev-parse --show-toplevel [11ms]
2024-01-16 22:44:49.503 [info] > git rev-parse --show-toplevel [1ms]
2024-01-16 22:44:49.508 [info] > git status -z -uall [10ms]
2024-01-16 22:44:49.964 [info] > git check-ignore -v -z --stdin [1ms]
2024-01-16 22:44:50.020 [info] > git rev-parse --show-toplevel [1ms]
2024-01-16 22:44:50.025 [info] > git rev-parse --git-dir --git-common-dir [1ms]
2024-01-16 22:44:50.031 [info] Open repository: /home/kiit/foundry/swap/lib/forge-std
2024-01-16 22:44:50.037 [info] > git config --get commit.template [2ms]
2024-01-16 22:44:50.043 [info] > git for-each-ref --format %(refname) %(objectname) %(*objectname) refs/tags [2ms]
2024-01-16 22:44:50.053 [info] > git status -z -uall [6ms]
2024-01-16 22:44:50.064 [info] > git config --get commit.template [2ms]
2024-01-16 22:44:50.070 [info] > git for-each-ref --format %(refname) %(objectname) %(*objectname) refs/tags [2ms]
2024-01-16 22:44:50.076 [info] > git status -z -uall [4ms]
2024-01-16 22:44:50.555 [info] > git check-ignore -v -z --stdin [1ms]
2024-01-16 22:44:50.583 [info] > git rev-parse --show-toplevel [0ms]
2024-01-16 22:44:50.588 [info] > git rev-parse --git-dir --git-common-dir [1ms]
2024-01-16 22:44:50.595 [info] Open repository: /home/kiit/foundry/swap/lib/forge-std/lib/ds-test
2024-01-16 22:44:50.604 [info] > git config --get commit.template [5ms]
2024-01-16 22:44:50.611 [info] > git for-each-ref --format %(refname) %(objectname) %(*objectname) refs/tags [1ms]
2024-01-16 22:44:50.618 [info] > git status -z -uall [3ms]
2024-01-16 22:44:50.638 [info] > git config --get commit.template [8ms]
2024-01-16 22:44:50.643 [info] > git for-each-ref --format %(refname) %(objectname) %(*objectname) refs/tags [1ms]
2024-01-16 22:44:50.647 [info] > git status -z -uall [2ms]
2024-01-16 22:44:50.755 [info] > git fetch [725ms]
2024-01-16 22:44:50.763 [info] > git config --get commit.template [4ms]
2024-01-16 22:44:50.764 [info] > git for-each-ref --format %(refname) %(objectname) %(*objectname) refs/tags [1ms]
2024-01-16 22:44:50.771 [info] > git status -z -uall [5ms]
2024-01-16 22:44:51.121 [info] > git check-ignore -v -z --stdin [1ms]
2024-01-16 22:44:51.231 [info] > git fetch [637ms]
2024-01-16 22:44:51.240 [info] > git config --get commit.template [3ms]
2024-01-16 22:44:51.240 [info] > git for-each-ref --format %(refname) %(objectname) %(*objectname) refs/tags [1ms]
2024-01-16 22:44:51.244 [info] > git status -z -uall [2ms]
2024-01-16 22:44:51.892 [info] > git config --get commit.template [2ms]
2024-01-16 22:44:51.897 [info] > git for-each-ref --format %(refname) %(objectname) %(*objectname) refs/tags [1ms]
2024-01-16 22:44:51.904 [info] > git status -z -uall [4ms]
2024-01-16 22:44:52.383 [info] > git config --get commit.template [6ms]
2024-01-16 22:44:52.384 [info] > git for-each-ref --format %(refname) %(objectname) %(*objectname) refs/tags [1ms]
2024-01-16 22:44:52.388 [info] > git status -z -uall [1ms]
2024-01-16 22:44:55.536 [info] > git check-ignore -v -z --stdin [1ms]
2024-01-16 22:44:58.855 [info] > git check-ignore -v -z --stdin [1ms]
2024-01-16 22:45:01.679 [info] > git show --textconv :script/Counter.s.sol [7ms]
2024-01-16 22:45:01.680 [info] > git ls-files --stage -- /home/kiit/foundry/swap/script/Counter.s.sol [2ms]
2024-01-16 22:45:01.685 [info] > git cat-file -s df9ee8b02ce4de2a73465ce2cf005641152bac9c [1ms]
2024-01-16 22:45:06.998 [info] > git check-ignore -v -z --stdin [2ms]
2024-01-16 22:45:08.740 [info] > git show --textconv :src/Counter.sol [3ms]
2024-01-16 22:45:08.740 [info] > git ls-files --stage -- /home/kiit/foundry/swap/src/Counter.sol [0ms]
2024-01-16 22:45:08.745 [info] > git cat-file -s aded7997b0c359a8230744058a80043b99bf6857 [1ms]
2024-01-16 22:45:14.151 [info] > git check-ignore -v -z --stdin [2ms]
2024-01-16 22:50:02.025 [info] > git fetch [16ms]
2024-01-16 22:50:02.038 [info] > git config --get commit.template [3ms]
2024-01-16 22:50:02.044 [info] No remotes found in the git config file.
2024-01-16 22:50:02.045 [info] > git for-each-ref --format=%(refname)%00%(upstream:short)%00%(objectname)%00%(upstream:track)%00%(upstream:remotename)%00%(upstream:remoteref) refs/heads/master refs/remotes/master [2ms]
2024-01-16 22:50:02.059 [info] > git status -z -uall [8ms]
2024-01-16 22:50:02.916 [info] > git fetch [894ms]
2024-01-16 22:50:02.928 [info] > git config --get commit.template [6ms]
2024-01-16 22:50:02.929 [info] > git for-each-ref --format %(refname) %(objectname) %(*objectname) refs/tags [3ms]
2024-01-16 22:50:02.934 [info] > git status -z -uall [1ms]
2024-01-16 22:50:02.971 [info] > git fetch [957ms]
2024-01-16 22:50:02.980 [info] > git config --get commit.template [2ms]
2024-01-16 22:50:02.984 [info] > git for-each-ref --format %(refname) %(objectname) %(*objectname) refs/tags [1ms]
2024-01-16 22:50:02.993 [info] > git status -z -uall [5ms]
2024-01-16 22:50:03.105 [info] > git config --get commit.template [2ms]
2024-01-16 22:50:03.110 [info] No remotes found in the git config file.
2024-01-16 22:50:03.110 [info] > git for-each-ref --format=%(refname)%00%(upstream:short)%00%(objectname)%00%(upstream:track)%00%(upstream:remotename)%00%(upstream:remoteref) refs/heads/master refs/remotes/master [0ms]
2024-01-16 22:50:03.122 [info] > git status -z -uall [8ms]
2024-01-16 22:50:04.005 [info] > git config --get commit.template [1ms]
2024-01-16 22:50:04.008 [info] > git for-each-ref --format %(refname) %(objectname) %(*objectname) refs/tags [1ms]
2024-01-16 22:50:04.013 [info] > git status -z -uall [2ms]
2024-01-16 22:50:04.117 [info] > git config --get commit.template [5ms]
2024-01-16 22:50:04.118 [info] > git for-each-ref --format %(refname) %(objectname) %(*objectname) refs/tags [1ms]
2024-01-16 22:50:04.124 [info] > git status -z -uall [3ms]
2024-01-16 22:50:04.221 [info] > git ls-files --stage -- /home/kiit/foundry/swap/src/Counter.sol [1ms]
2024-01-16 22:50:04.225 [info] > git cat-file -s aded7997b0c359a8230744058a80043b99bf6857 [1ms]
2024-01-16 22:50:04.237 [info] > git show --textconv :src/Counter.sol [1ms]
2024-01-16 22:50:05.096 [info] > git show --textconv :foundry.toml [3ms]
2024-01-16 22:50:05.096 [info] > git ls-files --stage -- /home/kiit/foundry/swap/foundry.toml [0ms]
2024-01-16 22:50:05.101 [info] > git cat-file -s 25b918f9c9a96afb107fd052f6aa5cbacc3d5111 [1ms]
2024-01-16 22:54:34.186 [info] > git fetch [19ms]
2024-01-16 22:54:34.195 [info] > git config --get commit.template [2ms]
2024-01-16 22:54:34.201 [info] No remotes found in the git config file.
2024-01-16 22:54:34.203 [info] > git for-each-ref --format=%(refname)%00%(upstream:short)%00%(objectname)%00%(upstream:track)%00%(upstream:remotename)%00%(upstream:remoteref) refs/heads/master refs/remotes/master [1ms]
2024-01-16 22:54:34.211 [info] > git status -z -uall [4ms]
2024-01-16 22:54:35.044 [info] > git fetch [870ms]
2024-01-16 22:54:35.055 [info] > git config --get commit.template [4ms]
2024-01-16 22:54:35.055 [info] > git for-each-ref --format %(refname) %(objectname) %(*objectname) refs/tags [1ms]
2024-01-16 22:54:35.061 [info] > git status -z -uall [2ms]
2024-01-16 22:54:35.087 [info] > git fetch [903ms]
2024-01-16 22:54:35.093 [info] > git config --get commit.template [0ms]
2024-01-16 22:54:35.096 [info] > git for-each-ref --format %(refname) %(objectname) %(*objectname) refs/tags [1ms]
2024-01-16 22:54:35.104 [info] > git status -z -uall [3ms]
2024-01-16 22:54:35.265 [info] > git config --get commit.template [1ms]
2024-01-16 22:54:35.269 [info] No remotes found in the git config file.
2024-01-16 22:54:35.270 [info] > git for-each-ref --format=%(refname)%00%(upstream:short)%00%(objectname)%00%(upstream:track)%00%(upstream:remotename)%00%(upstream:remoteref) refs/heads/master refs/remotes/master [1ms]
2024-01-16 22:54:35.277 [info] > git status -z -uall [4ms]
2024-01-16 22:54:36.156 [info] > git config --get commit.template [1ms]
2024-01-16 22:54:36.161 [info] > git for-each-ref --format %(refname) %(objectname) %(*objectname) refs/tags [1ms]
2024-01-16 22:54:36.166 [info] > git status -z -uall [1ms]
2024-01-16 22:54:36.231 [info] > git config --get commit.template [4ms]
2024-01-16 22:54:36.232 [info] > git for-each-ref --format %(refname) %(objectname) %(*objectname) refs/tags [1ms]
2024-01-16 22:54:36.241 [info] > git status -z -uall [4ms]
2024-01-16 22:54:36.340 [info] > git ls-files --stage -- /home/kiit/foundry/swap/foundry.toml [1ms]
2024-01-16 22:54:36.347 [info] > git cat-file -s 25b918f9c9a96afb107fd052f6aa5cbacc3d5111 [0ms]
2024-01-16 22:54:36.356 [info] > git show --textconv :foundry.toml [1ms]
2024-01-16 22:55:12.669 [info] > git show --textconv :README.md [13ms]
2024-01-16 22:55:12.669 [info] > git ls-files --stage -- /home/kiit/foundry/swap/README.md [8ms]
2024-01-16 22:55:12.755 [info] > git cat-file -s 9265b4558406aee6c1a1554f2379ffa4d897be46 [81ms]
2024-01-16 22:55:18.279 [info] > git show --textconv :foundry.toml [5ms]
2024-01-16 22:55:18.281 [info] > git ls-files --stage -- /home/kiit/foundry/swap/foundry.toml [1ms]
2024-01-16 22:55:18.285 [info] > git cat-file -s 25b918f9c9a96afb107fd052f6aa5cbacc3d5111 [1ms]
2024-01-16 22:57:30.043 [info] > git show --textconv :README.md [11ms]
2024-01-16 22:57:30.045 [info] > git ls-files --stage -- /home/kiit/foundry/swap/README.md [3ms]
2024-01-16 22:57:30.057 [info] > git cat-file -s 9265b4558406aee6c1a1554f2379ffa4d897be46 [2ms]
2024-01-16 22:57:34.235 [info] > git fetch [5ms]
2024-01-16 22:57:34.247 [info] > git config --get commit.template [1ms]
2024-01-16 22:57:34.255 [info] No remotes found in the git config file.
2024-01-16 22:57:34.256 [info] > git for-each-ref --format=%(refname)%00%(upstream:short)%00%(objectname)%00%(upstream:track)%00%(upstream:remotename)%00%(upstream:remoteref) refs/heads/master refs/remotes/master [2ms]
2024-01-16 22:57:34.276 [info] > git status -z -uall [12ms]
2024-01-16 22:57:35.329 [info] > git config --get commit.template [1ms]
2024-01-16 22:57:35.337 [info] No remotes found in the git config file.
2024-01-16 22:57:35.338 [info] > git for-each-ref --format=%(refname)%00%(upstream:short)%00%(objectname)%00%(upstream:track)%00%(upstream:remotename)%00%(upstream:remoteref) refs/heads/master refs/remotes/master [2ms]
2024-01-16 22:57:35.351 [info] > git status -z -uall [8ms]
2024-01-16 22:57:36.104 [info] > git fetch [1028ms]
2024-01-16 22:57:36.125 [info] > git config --get commit.template [10ms]
2024-01-16 22:57:36.125 [info] > git for-each-ref --format %(refname) %(objectname) %(*objectname) refs/tags [2ms]
2024-01-16 22:57:36.139 [info] > git status -z -uall [4ms]
2024-01-16 22:57:36.218 [info] > git fetch [1097ms]
2024-01-16 22:57:36.234 [info] > git config --get commit.template [4ms]
2024-01-16 22:57:36.245 [info] > git for-each-ref --format %(refname) %(objectname) %(*objectname) refs/tags [2ms]
2024-01-16 22:57:36.263 [info] > git status -z -uall [8ms]
2024-01-16 22:57:37.225 [info] > git config --get commit.template [13ms]
2024-01-16 22:57:37.226 [info] > git for-each-ref --format %(refname) %(objectname) %(*objectname) refs/tags [3ms]
2024-01-16 22:57:37.240 [info] > git status -z -uall [4ms]
2024-01-16 22:57:37.359 [info] > git config --get commit.template [11ms]
2024-01-16 22:57:37.362 [info] > git for-each-ref --format %(refname) %(objectname) %(*objectname) refs/tags [5ms]
2024-01-16 22:57:37.384 [info] > git status -z -uall [11ms]
2024-01-16 22:57:37.455 [info] > git ls-files --stage -- /home/kiit/foundry/swap/README.md [2ms]
2024-01-16 22:57:37.470 [info] > git cat-file -s 9265b4558406aee6c1a1554f2379ffa4d897be46 [3ms]
2024-01-16 22:57:37.488 [info] > git show --textconv :README.md [2ms]
